<?xml version="1.0" encoding="UTF-8" standalone="no"?><testsuite errors="1" failures="0" name="Login" skipped="0" tests="1" time="168.17" timestamp="2022-06-03 11:51:01"><testcase name="Visitor login successfully"><error message="element click intercepted: Element &lt;a href=&quot;https://www.psegameshop.com/my-account/&quot; class=&quot;nav-top-link nav-top-not-logged-in is-small&quot; data-open=&quot;#login-form-popup&quot;&gt;...&lt;/a&gt; is not clickable at point (991, 80). Other element would receive the click: &lt;iframe src=&quot;about:blank&quot; frameborder=&quot;0&quot; scrolling=&quot;no&quot; width=&quot;360px&quot; height=&quot;475px&quot; style=&quot;outline:none !important; visibility:visible !important; resize:none !important; box-shadow:none !important; overflow:visible !important; background:none !important; opacity:1 !important; filter:alpha(opacity=100) !important; -ms-filter:progid:DXImageTransform.Microsoft.Alpha(Opacity 1}) !important; -mz-opacity:1 !important; -khtml-opacity:1 !important; top:auto !important; right:20px !important; bottom:100px; left:auto !important; position:fixed !important; border:0 !important; min-height:475px !important; min-width:360px !important; max-height:475px !important; max-width:360px !important; padding:0 !important; margin:0 !important; -moz-transition-property:none !important; -webkit-transition-property:none !important; -o-transition-property:none !important; transition-property:none !important; transform:none !important; -webkit-transform:none !important; -ms-transform:none !important; width:360px !important; height:475px !important; display:block !important; z-index:auto !important; background-color:transparent !important; cursor:none !important; float:none !important; border-radius:unset !important; pointer-events:auto !important; clip:auto !important; color-scheme:light !important;&quot; id=&quot;qops8gr2eio1654275198628&quot; class=&quot;&quot; title=&quot;chat widget&quot;&gt;&lt;/iframe&gt;&#10;  (Session info: chrome=102.0.5005.63)&#10;Build info: version: '4.1.2', revision: '9a5a329c5a'&#10;System info: host: 'DESKTOP-D8OL0MP', ip: '192.168.100.8', os.name: 'Windows 10', os.arch: 'amd64', os.version: '10.0', java.version: '1.8.0_321'&#10;Driver info: org.openqa.selenium.chrome.ChromeDriver&#10;Command: [fdcd46de8c4a4edec0e3698622dad14f, clickElement {id=ba54e8e3-0b12-4bac-904f-50daaa4e45ee}]&#10;Capabilities {acceptInsecureCerts: false, browserName: chrome, browserVersion: 102.0.5005.63, chrome: {chromedriverVersion: 102.0.5005.61 (0e59bcc00cc4..., userDataDir: C:\Users\10\AppData\Local\T...}, goog:chromeOptions: {debuggerAddress: localhost:64527}, javascriptEnabled: true, networkConnectionEnabled: false, pageLoadStrategy: normal, platform: WINDOWS, platformName: WINDOWS, proxy: Proxy(), se:cdp: ws://localhost:64527/devtoo..., se:cdpVersion: 102.0.5005.63, setWindowRect: true, strictFileInteractability: false, timeouts: {implicit: 0, pageLoad: 300000, script: 30000}, unhandledPromptBehavior: dismiss and notify, webauthn:extension:credBlob: true, webauthn:extension:largeBlob: true, webauthn:virtualAuthenticators: true}&#10;Element: [[ChromeDriver: chrome on WINDOWS (fdcd46de8c4a4edec0e3698622dad14f)] -&gt; xpath: (//*[contains(@href,'https://www.psegameshop.com/my-account')])[1]]&#10;Session ID: fdcd46de8c4a4edec0e3698622dad14f" type="org.openqa.selenium.ElementClickInterceptedException">element click intercepted: Element &lt;a href="https://www.psegameshop.com/my-account/" class="nav-top-link nav-top-not-logged-in is-small" data-open="#login-form-popup"&gt;...&lt;/a&gt; is not clickable at point (991, 80). Other element would receive the click: &lt;iframe src="about:blank" frameborder="0" scrolling="no" width="360px" height="475px" style="outline:none !important; visibility:visible !important; resize:none !important; box-shadow:none !important; overflow:visible !important; background:none !important; opacity:1 !important; filter:alpha(opacity=100) !important; -ms-filter:progid:DXImageTransform.Microsoft.Alpha(Opacity 1}) !important; -mz-opacity:1 !important; -khtml-opacity:1 !important; top:auto !important; right:20px !important; bottom:100px; left:auto !important; position:fixed !important; border:0 !important; min-height:475px !important; min-width:360px !important; max-height:475px !important; max-width:360px !important; padding:0 !important; margin:0 !important; -moz-transition-property:none !important; -webkit-transition-property:none !important; -o-transition-property:none !important; transition-property:none !important; transform:none !important; -webkit-transform:none !important; -ms-transform:none !important; width:360px !important; height:475px !important; display:block !important; z-index:auto !important; background-color:transparent !important; cursor:none !important; float:none !important; border-radius:unset !important; pointer-events:auto !important; clip:auto !important; color-scheme:light !important;" id="qops8gr2eio1654275198628" class="" title="chat widget"&gt;&lt;/iframe&gt;
  (Session info: chrome=102.0.5005.63)
Build info: version: '4.1.2', revision: '9a5a329c5a'
System info: host: 'DESKTOP-D8OL0MP', ip: '192.168.100.8', os.name: 'Windows 10', os.arch: 'amd64', os.version: '10.0', java.version: '1.8.0_321'
Driver info: org.openqa.selenium.chrome.ChromeDriver
Command: [fdcd46de8c4a4edec0e3698622dad14f, clickElement {id=ba54e8e3-0b12-4bac-904f-50daaa4e45ee}]
Capabilities {acceptInsecureCerts: false, browserName: chrome, browserVersion: 102.0.5005.63, chrome: {chromedriverVersion: 102.0.5005.61 (0e59bcc00cc4..., userDataDir: C:\Users\10\AppData\Local\T...}, goog:chromeOptions: {debuggerAddress: localhost:64527}, javascriptEnabled: true, networkConnectionEnabled: false, pageLoadStrategy: normal, platform: WINDOWS, platformName: WINDOWS, proxy: Proxy(), se:cdp: ws://localhost:64527/devtoo..., se:cdpVersion: 102.0.5005.63, setWindowRect: true, strictFileInteractability: false, timeouts: {implicit: 0, pageLoad: 300000, script: 30000}, unhandledPromptBehavior: dismiss and notify, webauthn:extension:credBlob: true, webauthn:extension:largeBlob: true, webauthn:virtualAuthenticators: true}
Element: [[ChromeDriver: chrome on WINDOWS (fdcd46de8c4a4edec0e3698622dad14f)] -&gt; xpath: (//*[contains(@href,'https://www.psegameshop.com/my-account')])[1]]
Session ID: fdcd46de8c4a4edec0e3698622dad14f</error><system-err>element click intercepted: Element &lt;a href="https://www.psegameshop.com/my-account/" class="nav-top-link nav-top-not-logged-in is-small" data-open="#login-form-popup"&gt;...&lt;/a&gt; is not clickable at point (991, 80). Other element would receive the click: &lt;iframe src="about:blank" frameborder="0" scrolling="no" width="360px" height="475px" style="outline:none !important; visibility:visible !important; resize:none !important; box-shadow:none !important; overflow:visible !important; background:none !important; opacity:1 !important; filter:alpha(opacity=100) !important; -ms-filter:progid:DXImageTransform.Microsoft.Alpha(Opacity 1}) !important; -mz-opacity:1 !important; -khtml-opacity:1 !important; top:auto !important; right:20px !important; bottom:100px; left:auto !important; position:fixed !important; border:0 !important; min-height:475px !important; min-width:360px !important; max-height:475px !important; max-width:360px !important; padding:0 !important; margin:0 !important; -moz-transition-property:none !important; -webkit-transition-property:none !important; -o-transition-property:none !important; transition-property:none !important; transform:none !important; -webkit-transform:none !important; -ms-transform:none !important; width:360px !important; height:475px !important; display:block !important; z-index:auto !important; background-color:transparent !important; cursor:none !important; float:none !important; border-radius:unset !important; pointer-events:auto !important; clip:auto !important; color-scheme:light !important;" id="qops8gr2eio1654275198628" class="" title="chat widget"&gt;&lt;/iframe&gt;
  (Session info: chrome=102.0.5005.63)
Build info: version: '4.1.2', revision: '9a5a329c5a'
System info: host: 'DESKTOP-D8OL0MP', ip: '192.168.100.8', os.name: 'Windows 10', os.arch: 'amd64', os.version: '10.0', java.version: '1.8.0_321'
Driver info: org.openqa.selenium.chrome.ChromeDriver
Command: [fdcd46de8c4a4edec0e3698622dad14f, clickElement {id=ba54e8e3-0b12-4bac-904f-50daaa4e45ee}]
Capabilities {acceptInsecureCerts: false, browserName: chrome, browserVersion: 102.0.5005.63, chrome: {chromedriverVersion: 102.0.5005.61 (0e59bcc00cc4..., userDataDir: C:\Users\10\AppData\Local\T...}, goog:chromeOptions: {debuggerAddress: localhost:64527}, javascriptEnabled: true, networkConnectionEnabled: false, pageLoadStrategy: normal, platform: WINDOWS, platformName: WINDOWS, proxy: Proxy(), se:cdp: ws://localhost:64527/devtoo..., se:cdpVersion: 102.0.5005.63, setWindowRect: true, strictFileInteractability: false, timeouts: {implicit: 0, pageLoad: 300000, script: 30000}, unhandledPromptBehavior: dismiss and notify, webauthn:extension:credBlob: true, webauthn:extension:largeBlob: true, webauthn:virtualAuthenticators: true}
Element: [[ChromeDriver: chrome on WINDOWS (fdcd46de8c4a4edec0e3698622dad14f)] -&gt; xpath: (//*[contains(@href,'https://www.psegameshop.com/my-account')])[1]]
Session ID: fdcd46de8c4a4edec0e3698622dad14f&#13;
Psegameshop.stepdefinitions.loginstepdefinitions.visitorClickOnUserIconElement(loginstepdefinitions.java:28)&#13;
io.cucumber.java.Invoker.doInvoke(Invoker.java:66)&#13;
io.cucumber.java.Invoker.invoke(Invoker.java:24)&#13;
io.cucumber.java.AbstractGlueDefinition.invokeMethod(AbstractGlueDefinition.java:47)&#13;
io.cucumber.java.JavaStepDefinition.execute(JavaStepDefinition.java:29)&#13;
io.cucumber.core.runner.CoreStepDefinition.execute(CoreStepDefinition.java:66)&#13;
io.cucumber.core.runner.PickleStepDefinitionMatch.runStep(PickleStepDefinitionMatch.java:63)&#13;
io.cucumber.core.runner.TestStep.executeStep(TestStep.java:86)&#13;
io.cucumber.core.runner.TestStep.run(TestStep.java:57)&#13;
io.cucumber.core.runner.PickleStepTestStep.run(PickleStepTestStep.java:51)&#13;
io.cucumber.core.runner.TestCase.run(TestCase.java:95)&#13;
io.cucumber.core.runner.Runner.runPickle(Runner.java:75)&#13;
io.cucumber.core.runtime.CucumberExecutionContext.lambda$runTestCase$3(CucumberExecutionContext.java:151)&#13;
io.cucumber.core.runtime.RethrowingThrowableCollector.executeAndThrow(RethrowingThrowableCollector.java:23)&#13;
io.cucumber.core.runtime.CucumberExecutionContext.runTestCase(CucumberExecutionContext.java:151)&#13;
io.cucumber.junit.FeatureRunner.runChild(FeatureRunner.java:144)&#13;
io.cucumber.junit.FeatureRunner.runChild(FeatureRunner.java:28)&#13;
io.cucumber.junit.FeatureRunner.run(FeatureRunner.java:137)&#13;
io.cucumber.junit.CucumberSerenityRunner.runChild(CucumberSerenityRunner.java:258)&#13;
io.cucumber.junit.CucumberSerenityRunner.runChild(CucumberSerenityRunner.java:58)&#13;
</system-err></testcase></testsuite>